INFO Processing: C:\Users\Pranav\Desktop\Pranav\tads\data\samples\tbone (5).mp4
INFO Performance estimate: ~16.9 FPS (realtime factor 0.76x)
INFO Progress: 30 / 664 frames (1.4 fps)
INFO Progress: 60 / 664 frames (1.6 fps)
INFO Progress: 90 / 664 frames (1.8 fps)
INFO Progress: 120 / 664 frames (1.9 fps)
INFO Progress: 150 / 664 frames (2.1 fps)
INFO Progress: 180 / 664 frames (2.3 fps)
INFO Progress: 210 / 664 frames (2.4 fps)
INFO Progress: 240 / 664 frames (2.5 fps)
INFO Progress: 270 / 664 frames (2.6 fps)
INFO Progress: 300 / 664 frames (2.7 fps)
INFO Progress: 330 / 664 frames (2.8 fps)
INFO Progress: 360 / 664 frames (2.8 fps)
INFO Progress: 390 / 664 frames (2.9 fps)
INFO Progress: 420 / 664 frames (2.8 fps)
INFO Progress: 450 / 664 frames (2.8 fps)
INFO Progress: 480 / 664 frames (2.8 fps)
INFO Progress: 510 / 664 frames (2.8 fps)
INFO Progress: 540 / 664 frames (2.6 fps)
INFO Progress: 570 / 664 frames (2.7 fps)
INFO Progress: 600 / 664 frames (2.6 fps)
INFO Progress: 630 / 664 frames (2.6 fps)
INFO Progress: 660 / 664 frames (2.6 fps)
INFO Progress: 664 / 664 frames (2.6 fps)
INFO Done — 664 frames @ 2.6 FPS
INFO Estimated vs actual: ~16.9 est / 2.6 actual FPS
INFO Incidents: 31
INFO Annotated video: C:\Users\Pranav\Desktop\Pranav\tads\output\annotated\lab_headon-nn.mp4
INFO   [collision] collision score=0.40 @ 0.4s
INFO   [collision] collision score=0.40 @ 0.6s
INFO   [collision] collision score=0.40 @ 0.6s
INFO   [collision] collision score=0.40 @ 0.7s
INFO   [near_miss] near_miss score=0.20 @ 0.9s
INFO   [collision] collision score=0.50 @ 1.2s
INFO   [collision] collision score=0.50 @ 1.2s
INFO   [collision] collision score=0.35 @ 1.2s
INFO   [collision] collision score=0.35 @ 1.2s
INFO   [collision] collision score=0.35 @ 1.2s
INFO   [collision] collision score=0.35 @ 1.5s
INFO   [collision] collision score=0.50 @ 2.3s
INFO   [collision] collision score=0.50 @ 2.4s
INFO   [collision] collision score=0.40 @ 3.1s
INFO   [collision] collision score=0.40 @ 3.6s
INFO   [collision] collision score=0.40 @ 4.2s
INFO   [collision] collision score=0.40 @ 4.2s
INFO   [collision] collision score=0.40 @ 8.2s
INFO   [near_miss] near_miss score=0.35 @ 15.9s
INFO   [collision] collision score=0.40 @ 17.8s
INFO   [collision] collision score=0.40 @ 17.8s
INFO   [collision] collision score=0.40 @ 17.8s
INFO   [collision] collision score=0.40 @ 17.8s
INFO   [collision] collision score=0.40 @ 17.8s
INFO   [collision] collision score=0.40 @ 24.2s
INFO   [collision] collision score=0.40 @ 24.2s
INFO   [collision] collision score=0.40 @ 24.2s
INFO   [collision] collision score=0.40 @ 24.2s
INFO   [collision] collision score=0.40 @ 24.2s
INFO   [collision] collision score=0.40 @ 29.0s
INFO   [collision] collision score=0.40 @ 29.1s
